0 info it worked if it ends with ok
1 verbose cli [ '/usr/local/bin/node', '/usr/local/bin/npm', 'run', 'build' ]
2 info using npm@4.0.5
3 info using node@v4.5.0
4 verbose run-script [ 'prebuild', 'build', 'postbuild' ]
5 info lifecycle app@0.0.0~prebuild: app@0.0.0
6 silly lifecycle app@0.0.0~prebuild: no script for prebuild, continuing
7 info lifecycle app@0.0.0~build: app@0.0.0
8 verbose lifecycle app@0.0.0~build: unsafe-perm in lifecycle true
9 verbose lifecycle app@0.0.0~build: PATH: /usr/local/lib/node_modules/npm/bin/node-gyp-bin:/Users/ali-classmate/develop/antdesign/node_modules/.bin:/Users/ali-classmate/.sdkman/candidates/gradle/current/bin:/Users/ali-classmate/.gem/bin:/usr/local/bin:/usr/bin:/bin:/usr/sbin:/sbin:/usr/local/go/bin:/usr/local/mysql/bin:/usr/local/sbin:/Users/ali-classmate/android-sdks/tools:/Users/ali-classmate/android-sdks/platform-tools:/usr/local/Cellar/gradle/3.1/bin::/usr/local/Cellar/maven/3.2.3/bin:/usr/local/bin
10 verbose lifecycle app@0.0.0~build: CWD: /Users/ali-classmate/develop/antdesign
11 silly lifecycle app@0.0.0~build: Args: [ '-c', 'node run build' ]
12 silly lifecycle app@0.0.0~build: Returned: code: 1  signal: null
13 info lifecycle app@0.0.0~build: Failed to exec build script
14 verbose stack Error: app@0.0.0 build: `node run build`
14 verbose stack Exit status 1
14 verbose stack     at EventEmitter.<anonymous> (/usr/local/lib/node_modules/npm/lib/utils/lifecycle.js:279:16)
14 verbose stack     at emitTwo (events.js:87:13)
14 verbose stack     at EventEmitter.emit (events.js:172:7)
14 verbose stack     at ChildProcess.<anonymous> (/usr/local/lib/node_modules/npm/lib/utils/spawn.js:40:14)
14 verbose stack     at emitTwo (events.js:87:13)
14 verbose stack     at ChildProcess.emit (events.js:172:7)
14 verbose stack     at maybeClose (internal/child_process.js:829:16)
14 verbose stack     at Process.ChildProcess._handle.onexit (internal/child_process.js:211:5)
15 verbose pkgid app@0.0.0
16 verbose cwd /Users/ali-classmate/develop/antdesign
17 error Darwin 16.0.0
18 error argv "/usr/local/bin/node" "/usr/local/bin/npm" "run" "build"
19 error node v4.5.0
20 error npm  v4.0.5
21 error code ELIFECYCLE
22 error app@0.0.0 build: `node run build`
22 error Exit status 1
23 error Failed at the app@0.0.0 build script 'node run build'.
23 error Make sure you have the latest version of node.js and npm installed.
23 error If you do, this is most likely a problem with the app package,
23 error not with npm itself.
23 error Tell the author that this fails on your system:
23 error     node run build
23 error You can get information on how to open an issue for this project with:
23 error     npm bugs app
23 error Or if that isn't available, you can get their info via:
23 error     npm owner ls app
23 error There is likely additional logging output above.
24 verbose exit [ 1, true ]
